Analysis & Synthesis report for checker
Thu Nov 16 21:47:47 2023
Quartus Prime Version 20.1.0 Build 711 06/05/2020 SJ Lite Edition


---------------------
; Table of Contents ;
---------------------
  1. Legal Notice
  2. Analysis & Synthesis Summary
  3. Analysis & Synthesis Settings
  4. Parallel Compilation
  5. Analysis & Synthesis Source Files Read
  6. Analysis & Synthesis Resource Usage Summary
  7. Analysis & Synthesis Resource Utilization by Entity
  8. Registers Removed During Synthesis
  9. Removed Registers Triggering Further Register Optimizations
 10. General Register Statistics
 11. Port Connectivity Checks: "binCounter_6bit:bc|flipFlopDPET:ff5"
 12. Port Connectivity Checks: "binCounter_6bit:bc|flipFlopDPET:ff4"
 13. Port Connectivity Checks: "binCounter_6bit:bc|flipFlopDPET:ff3"
 14. Port Connectivity Checks: "binCounter_6bit:bc|flipFlopDPET:ff2"
 15. Port Connectivity Checks: "binCounter_6bit:bc|flipFlopDPET:ff1"
 16. Port Connectivity Checks: "binCounter_6bit:bc|flipFlopDPET:ff0"
 17. Port Connectivity Checks: "Control_Unit:con"
 18. Port Connectivity Checks: "flipFlopDPET:ff"
 19. Post-Synthesis Netlist Statistics for Top Partition
 20. Elapsed Time Per Partition
 21. Analysis & Synthesis Messages



----------------
; Legal Notice ;
----------------
Copyright (C) 2020  Intel Corporation. All rights reserved.
Your use of Intel Corporation's design tools, logic functions 
and other software and tools, and any partner logic 
functions, and any output files from any of the foregoing 
(including device programming or simulation files), and any 
associated documentation or information are expressly subject 
to the terms and conditions of the Intel Program License 
Subscription Agreement, the Intel Quartus Prime License Agreement,
the Intel FPGA IP License Agreement, or other applicable license
agreement, including, without limitation, that your use is for
the sole purpose of programming logic devices manufactured by
Intel and sold by Intel or its authorized distributors.  Please
refer to the applicable agreement for further details, at
https://fpgasoftware.intel.com/eula.



+-------------------------------------------------------------------------------+
; Analysis & Synthesis Summary                                                  ;
+---------------------------------+---------------------------------------------+
; Analysis & Synthesis Status     ; Successful - Thu Nov 16 21:47:47 2023       ;
; Quartus Prime Version           ; 20.1.0 Build 711 06/05/2020 SJ Lite Edition ;
; Revision Name                   ; checker                                     ;
; Top-level Entity Name           ; checker                                     ;
; Family                          ; Cyclone V                                   ;
; Logic utilization (in ALMs)     ; N/A                                         ;
; Total registers                 ; 0                                           ;
; Total pins                      ; 4                                           ;
; Total virtual pins              ; 0                                           ;
; Total block memory bits         ; 0                                           ;
; Total DSP Blocks                ; 0                                           ;
; Total HSSI RX PCSs              ; 0                                           ;
; Total HSSI PMA RX Deserializers ; 0                                           ;
; Total HSSI TX PCSs              ; 0                                           ;
; Total HSSI PMA TX Serializers   ; 0                                           ;
; Total PLLs                      ; 0                                           ;
; Total DLLs                      ; 0                                           ;
+---------------------------------+---------------------------------------------+


+---------------------------------------------------------------------------------------------------------------------------+
; Analysis & Synthesis Settings                                                                                             ;
+---------------------------------------------------------------------------------+--------------------+--------------------+
; Option                                                                          ; Setting            ; Default Value      ;
+---------------------------------------------------------------------------------+--------------------+--------------------+
; Device                                                                          ; 5CGXFC7C7F23C8     ;                    ;
; Top-level entity name                                                           ; checker            ; checker            ;
; Family name                                                                     ; Cyclone V          ; Cyclone V          ;
; Use smart compilation                                                           ; Off                ; Off                ;
; Enable parallel Assembler and Timing Analyzer during compilation                ; On                 ; On                 ;
; Enable compact report table                                                     ; Off                ; Off                ;
; Restructure Multiplexers                                                        ; Auto               ; Auto               ;
; MLAB Add Timing Constraints For Mixed-Port Feed-Through Mode Setting Don't Care ; Off                ; Off                ;
; Create Debugging Nodes for IP Cores                                             ; Off                ; Off                ;
; Preserve fewer node names                                                       ; On                 ; On                 ;
; Intel FPGA IP Evaluation Mode                                                   ; Enable             ; Enable             ;
; Verilog Version                                                                 ; Verilog_2001       ; Verilog_2001       ;
; VHDL Version                                                                    ; VHDL_1993          ; VHDL_1993          ;
; State Machine Processing                                                        ; Auto               ; Auto               ;
; Safe State Machine                                                              ; Off                ; Off                ;
; Extract Verilog State Machines                                                  ; On                 ; On                 ;
; Extract VHDL State Machines                                                     ; On                 ; On                 ;
; Ignore Verilog initial constructs                                               ; Off                ; Off                ;
; Iteration limit for constant Verilog loops                                      ; 5000               ; 5000               ;
; Iteration limit for non-constant Verilog loops                                  ; 250                ; 250                ;
; Add Pass-Through Logic to Inferred RAMs                                         ; On                 ; On                 ;
; Infer RAMs from Raw Logic                                                       ; On                 ; On                 ;
; Parallel Synthesis                                                              ; On                 ; On                 ;
; DSP Block Balancing                                                             ; Auto               ; Auto               ;
; NOT Gate Push-Back                                                              ; On                 ; On                 ;
; Power-Up Don't Care                                                             ; On                 ; On                 ;
; Remove Redundant Logic Cells                                                    ; Off                ; Off                ;
; Remove Duplicate Registers                                                      ; On                 ; On                 ;
; Ignore CARRY Buffers                                                            ; Off                ; Off                ;
; Ignore CASCADE Buffers                                                          ; Off                ; Off                ;
; Ignore GLOBAL Buffers                                                           ; Off                ; Off                ;
; Ignore ROW GLOBAL Buffers                                                       ; Off                ; Off                ;
; Ignore LCELL Buffers                                                            ; Off                ; Off                ;
; Ignore SOFT Buffers                                                             ; On                 ; On                 ;
; Limit AHDL Integers to 32 Bits                                                  ; Off                ; Off                ;
; Optimization Technique                                                          ; Balanced           ; Balanced           ;
; Carry Chain Length                                                              ; 70                 ; 70                 ;
; Auto Carry Chains                                                               ; On                 ; On                 ;
; Auto Open-Drain Pins                                                            ; On                 ; On                 ;
; Perform WYSIWYG Primitive Resynthesis                                           ; Off                ; Off                ;
; Auto ROM Replacement                                                            ; On                 ; On                 ;
; Auto RAM Replacement                                                            ; On                 ; On                 ;
; Auto DSP Block Replacement                                                      ; On                 ; On                 ;
; Auto Shift Register Replacement                                                 ; Auto               ; Auto               ;
; Allow Shift Register Merging across Hierarchies                                 ; Auto               ; Auto               ;
; Auto Clock Enable Replacement                                                   ; On                 ; On                 ;
; Strict RAM Replacement                                                          ; Off                ; Off                ;
; Allow Synchronous Control Signals                                               ; On                 ; On                 ;
; Force Use of Synchronous Clear Signals                                          ; Off                ; Off                ;
; Auto Resource Sharing                                                           ; Off                ; Off                ;
; Allow Any RAM Size For Recognition                                              ; Off                ; Off                ;
; Allow Any ROM Size For Recognition                                              ; Off                ; Off                ;
; Allow Any Shift Register Size For Recognition                                   ; Off                ; Off                ;
; Use LogicLock Constraints during Resource Balancing                             ; On                 ; On                 ;
; Ignore translate_off and synthesis_off directives                               ; Off                ; Off                ;
; Timing-Driven Synthesis                                                         ; On                 ; On                 ;
; Report Parameter Settings                                                       ; On                 ; On                 ;
; Report Source Assignments                                                       ; On                 ; On                 ;
; Report Connectivity Checks                                                      ; On                 ; On                 ;
; Ignore Maximum Fan-Out Assignments                                              ; Off                ; Off                ;
; Synchronization Register Chain Length                                           ; 3                  ; 3                  ;
; Power Optimization During Synthesis                                             ; Normal compilation ; Normal compilation ;
; HDL message level                                                               ; Level2             ; Level2             ;
; Suppress Register Optimization Related Messages                                 ; Off                ; Off                ;
; Number of Removed Registers Reported in Synthesis Report                        ; 5000               ; 5000               ;
; Number of Swept Nodes Reported in Synthesis Report                              ; 5000               ; 5000               ;
; Number of Inverted Registers Reported in Synthesis Report                       ; 100                ; 100                ;
; Clock MUX Protection                                                            ; On                 ; On                 ;
; Auto Gated Clock Conversion                                                     ; Off                ; Off                ;
; Block Design Naming                                                             ; Auto               ; Auto               ;
; SDC constraint protection                                                       ; Off                ; Off                ;
; Synthesis Effort                                                                ; Auto               ; Auto               ;
; Shift Register Replacement - Allow Asynchronous Clear Signal                    ; On                 ; On                 ;
; Pre-Mapping Resynthesis Optimization                                            ; Off                ; Off                ;
; Analysis & Synthesis Message Level                                              ; Medium             ; Medium             ;
; Disable Register Merging Across Hierarchies                                     ; Auto               ; Auto               ;
; Resource Aware Inference For Block RAM                                          ; On                 ; On                 ;
; Automatic Parallel Synthesis                                                    ; On                 ; On                 ;
; Partial Reconfiguration Bitstream ID                                            ; Off                ; Off                ;
+---------------------------------------------------------------------------------+--------------------+--------------------+


+------------------------------------------+
; Parallel Compilation                     ;
+----------------------------+-------------+
; Processors                 ; Number      ;
+----------------------------+-------------+
; Number detected on machine ; 8           ;
; Maximum allowed            ; 4           ;
;                            ;             ;
; Average used               ; 1.00        ;
; Maximum used               ; 1           ;
;                            ;             ;
; Usage by Processor         ; % Time Used ;
;     Processor 1            ; 100.0%      ;
+----------------------------+-------------+


+---------------------------------------------------------------------------------------------------------------------+
; Analysis & Synthesis Source Files Read                                                                              ;
+----------------------------------+-----------------+-----------------+------------------------------------+---------+
; File Name with User-Entered Path ; Used in Netlist ; File Type       ; File Name with Absolute Path       ; Library ;
+----------------------------------+-----------------+-----------------+------------------------------------+---------+
; gateOr8.vhd                      ; yes             ; User VHDL File  ; C:/AAD/Checker/gateOr8.vhd         ;         ;
; contMem.vhd                      ; yes             ; User VHDL File  ; C:/AAD/Checker/contMem.vhd         ;         ;
; simpleLogic.vhd                  ; yes             ; User VHDL File  ; C:/AAD/Checker/simpleLogic.vhd     ;         ;
; flipFlopDPET.vhd                 ; yes             ; User VHDL File  ; C:/AAD/Checker/flipFlopDPET.vhd    ;         ;
; checker.vhd                      ; yes             ; User VHDL File  ; C:/AAD/Checker/checker.vhd         ;         ;
; binCounter_6bit.vhd              ; yes             ; User VHDL File  ; C:/AAD/Checker/binCounter_6bit.vhd ;         ;
+----------------------------------+-----------------+-----------------+------------------------------------+---------+


+-----------------------------------------------------+
; Analysis & Synthesis Resource Usage Summary         ;
+---------------------------------------------+-------+
; Resource                                    ; Usage ;
+---------------------------------------------+-------+
; Estimate of Logic utilization (ALMs needed) ; 0     ;
;                                             ;       ;
; Combinational ALUT usage for logic          ; 0     ;
;     -- 7 input functions                    ; 0     ;
;     -- 6 input functions                    ; 0     ;
;     -- 5 input functions                    ; 0     ;
;     -- 4 input functions                    ; 0     ;
;     -- <=3 input functions                  ; 0     ;
;                                             ;       ;
; Dedicated logic registers                   ; 0     ;
;                                             ;       ;
; I/O pins                                    ; 4     ;
;                                             ;       ;
; Total DSP Blocks                            ; 0     ;
;                                             ;       ;
; Maximum fan-out node                        ; dIn   ;
; Maximum fan-out                             ; 1     ;
; Total fan-out                               ; 4     ;
; Average fan-out                             ; 0.50  ;
+---------------------------------------------+-------+


+----------------------------------------------------------------------------------------------------------------------------------------------------------------------------------------+
; Analysis & Synthesis Resource Utilization by Entity                                                                                                                                    ;
+----------------------------+---------------------+---------------------------+-------------------+------------+------+--------------+---------------------+-------------+--------------+
; Compilation Hierarchy Node ; Combinational ALUTs ; Dedicated Logic Registers ; Block Memory Bits ; DSP Blocks ; Pins ; Virtual Pins ; Full Hierarchy Name ; Entity Name ; Library Name ;
+----------------------------+---------------------+---------------------------+-------------------+------------+------+--------------+---------------------+-------------+--------------+
; |checker                   ; 0 (0)               ; 0 (0)                     ; 0                 ; 0          ; 4    ; 0            ; |checker            ; checker     ; work         ;
+----------------------------+---------------------+---------------------------+-------------------+------------+------+--------------+---------------------+-------------+--------------+
Note: For table entries with two numbers listed, the numbers in parentheses indicate the number of resources of the given type used by the specific entity alone. The numbers listed outside of parentheses indicate the total resources of the given type used by the specific entity and all of its sub-entities in the hierarchy.


+--------------------------------------------------------------------------------------------+
; Registers Removed During Synthesis                                                         ;
+----------------------------------------+---------------------------------------------------+
; Register name                          ; Reason for Removal                                ;
+----------------------------------------+---------------------------------------------------+
; binCounter_6bit:bc|flipFlopDPET:ff0|nQ ; Merged with binCounter_6bit:bc|flipFlopDPET:ff0|Q ;
; flipFlopDPET:ff|Q                      ; Stuck at VCC due to stuck port data_in            ;
; binCounter_6bit:bc|flipFlopDPET:ff0|Q  ; Lost fanout                                       ;
; binCounter_6bit:bc|flipFlopDPET:ff1|Q  ; Lost fanout                                       ;
; binCounter_6bit:bc|flipFlopDPET:ff2|Q  ; Lost fanout                                       ;
; binCounter_6bit:bc|flipFlopDPET:ff3|Q  ; Lost fanout                                       ;
; binCounter_6bit:bc|flipFlopDPET:ff4|Q  ; Lost fanout                                       ;
; Total Number of Removed Registers = 7  ;                                                   ;
+----------------------------------------+---------------------------------------------------+


+-------------------------------------------------------------------------------------------------------------------------------+
; Removed Registers Triggering Further Register Optimizations                                                                   ;
+-------------------+---------------------------+-------------------------------------------------------------------------------+
; Register name     ; Reason for Removal        ; Registers Removed due to This Register                                        ;
+-------------------+---------------------------+-------------------------------------------------------------------------------+
; flipFlopDPET:ff|Q ; Stuck at VCC              ; binCounter_6bit:bc|flipFlopDPET:ff0|Q, binCounter_6bit:bc|flipFlopDPET:ff1|Q, ;
;                   ; due to stuck port data_in ; binCounter_6bit:bc|flipFlopDPET:ff2|Q, binCounter_6bit:bc|flipFlopDPET:ff3|Q, ;
;                   ;                           ; binCounter_6bit:bc|flipFlopDPET:ff4|Q                                         ;
+-------------------+---------------------------+-------------------------------------------------------------------------------+


+------------------------------------------------------+
; General Register Statistics                          ;
+----------------------------------------------+-------+
; Statistic                                    ; Value ;
+----------------------------------------------+-------+
; Total registers                              ; 0     ;
; Number of registers using Synchronous Clear  ; 0     ;
; Number of registers using Synchronous Load   ; 0     ;
; Number of registers using Asynchronous Clear ; 0     ;
; Number of registers using Asynchronous Load  ; 0     ;
; Number of registers using Clock Enable       ; 0     ;
; Number of registers using Preset             ; 0     ;
+----------------------------------------------+-------+


+----------------------------------------------------------------------------------------------------------------+
; Port Connectivity Checks: "binCounter_6bit:bc|flipFlopDPET:ff5"                                                ;
+------+--------+----------+-------------------------------------------------------------------------------------+
; Port ; Type   ; Severity ; Details                                                                             ;
+------+--------+----------+-------------------------------------------------------------------------------------+
; nset ; Input  ; Info     ; Stuck at VCC                                                                        ;
; nq   ; Output ; Info     ; Connected to dangling logic. Logic that only feeds a dangling port will be removed. ;
+------+--------+----------+-------------------------------------------------------------------------------------+


+----------------------------------------------------------------------------------------------------------------+
; Port Connectivity Checks: "binCounter_6bit:bc|flipFlopDPET:ff4"                                                ;
+------+--------+----------+-------------------------------------------------------------------------------------+
; Port ; Type   ; Severity ; Details                                                                             ;
+------+--------+----------+-------------------------------------------------------------------------------------+
; nset ; Input  ; Info     ; Stuck at VCC                                                                        ;
; nq   ; Output ; Info     ; Connected to dangling logic. Logic that only feeds a dangling port will be removed. ;
+------+--------+----------+-------------------------------------------------------------------------------------+


+----------------------------------------------------------------------------------------------------------------+
; Port Connectivity Checks: "binCounter_6bit:bc|flipFlopDPET:ff3"                                                ;
+------+--------+----------+-------------------------------------------------------------------------------------+
; Port ; Type   ; Severity ; Details                                                                             ;
+------+--------+----------+-------------------------------------------------------------------------------------+
; nset ; Input  ; Info     ; Stuck at VCC                                                                        ;
; nq   ; Output ; Info     ; Connected to dangling logic. Logic that only feeds a dangling port will be removed. ;
+------+--------+----------+-------------------------------------------------------------------------------------+


+----------------------------------------------------------------------------------------------------------------+
; Port Connectivity Checks: "binCounter_6bit:bc|flipFlopDPET:ff2"                                                ;
+------+--------+----------+-------------------------------------------------------------------------------------+
; Port ; Type   ; Severity ; Details                                                                             ;
+------+--------+----------+-------------------------------------------------------------------------------------+
; nset ; Input  ; Info     ; Stuck at VCC                                                                        ;
; nq   ; Output ; Info     ; Connected to dangling logic. Logic that only feeds a dangling port will be removed. ;
+------+--------+----------+-------------------------------------------------------------------------------------+


+----------------------------------------------------------------------------------------------------------------+
; Port Connectivity Checks: "binCounter_6bit:bc|flipFlopDPET:ff1"                                                ;
+------+--------+----------+-------------------------------------------------------------------------------------+
; Port ; Type   ; Severity ; Details                                                                             ;
+------+--------+----------+-------------------------------------------------------------------------------------+
; nset ; Input  ; Info     ; Stuck at VCC                                                                        ;
; nq   ; Output ; Info     ; Connected to dangling logic. Logic that only feeds a dangling port will be removed. ;
+------+--------+----------+-------------------------------------------------------------------------------------+


+-----------------------------------------------------------------+
; Port Connectivity Checks: "binCounter_6bit:bc|flipFlopDPET:ff0" ;
+------+-------+----------+---------------------------------------+
; Port ; Type  ; Severity ; Details                               ;
+------+-------+----------+---------------------------------------+
; nset ; Input ; Info     ; Stuck at VCC                          ;
+------+-------+----------+---------------------------------------+


+----------------------------------------------------------------------------------------------------------------+
; Port Connectivity Checks: "Control_Unit:con"                                                                   ;
+------+--------+----------+-------------------------------------------------------------------------------------+
; Port ; Type   ; Severity ; Details                                                                             ;
+------+--------+----------+-------------------------------------------------------------------------------------+
; clko ; Output ; Info     ; Connected to dangling logic. Logic that only feeds a dangling port will be removed. ;
+------+--------+----------+-------------------------------------------------------------------------------------+


+----------------------------------------------------------------------------------------------------------------+
; Port Connectivity Checks: "flipFlopDPET:ff"                                                                    ;
+------+--------+----------+-------------------------------------------------------------------------------------+
; Port ; Type   ; Severity ; Details                                                                             ;
+------+--------+----------+-------------------------------------------------------------------------------------+
; nrst ; Input  ; Info     ; Stuck at VCC                                                                        ;
; nq   ; Output ; Info     ; Connected to dangling logic. Logic that only feeds a dangling port will be removed. ;
+------+--------+----------+-------------------------------------------------------------------------------------+


+-----------------------------------------------------+
; Post-Synthesis Netlist Statistics for Top Partition ;
+-----------------------+-----------------------------+
; Type                  ; Count                       ;
+-----------------------+-----------------------------+
; arriav_lcell_comb     ; 1                           ;
;     normal            ; 1                           ;
;         0 data inputs ; 1                           ;
; boundary_port         ; 4                           ;
;                       ;                             ;
; Max LUT depth         ; 0.00                        ;
; Average LUT depth     ; 0.00                        ;
+-----------------------+-----------------------------+


+-------------------------------+
; Elapsed Time Per Partition    ;
+----------------+--------------+
; Partition Name ; Elapsed Time ;
+----------------+--------------+
; Top            ; 00:00:00     ;
+----------------+--------------+


+-------------------------------+
; Analysis & Synthesis Messages ;
+-------------------------------+
Info: *******************************************************************
Info: Running Quartus Prime Analysis & Synthesis
    Info: Version 20.1.0 Build 711 06/05/2020 SJ Lite Edition
    Info: Processing started: Thu Nov 16 21:47:35 2023
Info: Command: quartus_map --read_settings_files=on --write_settings_files=off checker -c checker
Warning (18236): Number of processors has not been specified which may cause overloading on shared machines.  Set the global assignment NUM_PARALLEL_PROCESSORS in your QSF to an appropriate value for best performance.
Info (20030): Parallel compilation is enabled and will use 4 of the 4 processors detected
Info (12021): Found 2 design units, including 1 entities, in source file gateor8.vhd
    Info (12022): Found design unit 1: gateOr8-logicGate File: C:/AAD/Checker/gateOr8.vhd Line: 11
    Info (12023): Found entity 1: gateOr8 File: C:/AAD/Checker/gateOr8.vhd Line: 4
Info (12021): Found 2 design units, including 1 entities, in source file dflipflop.vhd
    Info (12022): Found design unit 1: DFlipFlop-Behavioral File: C:/AAD/Checker/DFlipFlop.vhd Line: 12
    Info (12023): Found entity 1: DFlipFlop File: C:/AAD/Checker/DFlipFlop.vhd Line: 4
Info (12021): Found 4 design units, including 2 entities, in source file contmem.vhd
    Info (12022): Found design unit 1: contMem-behavior File: C:/AAD/Checker/contMem.vhd Line: 11
    Info (12022): Found design unit 2: Control_Unit-Behavioural File: C:/AAD/Checker/contMem.vhd Line: 67
    Info (12023): Found entity 1: contMem File: C:/AAD/Checker/contMem.vhd Line: 6
    Info (12023): Found entity 2: Control_Unit File: C:/AAD/Checker/contMem.vhd Line: 58
Info (12021): Found 8 design units, including 4 entities, in source file simplelogic.vhd
    Info (12022): Found design unit 1: gateAnd2-logicFunction File: C:/AAD/Checker/simpleLogic.vhd Line: 9
    Info (12022): Found design unit 2: gateNand2-logicFunction File: C:/AAD/Checker/simpleLogic.vhd Line: 22
    Info (12022): Found design unit 3: gateNor2-logicFunction File: C:/AAD/Checker/simpleLogic.vhd Line: 35
    Info (12022): Found design unit 4: gateXor2-logicFunction File: C:/AAD/Checker/simpleLogic.vhd Line: 48
    Info (12023): Found entity 1: gateAnd2 File: C:/AAD/Checker/simpleLogic.vhd Line: 4
    Info (12023): Found entity 2: gateNand2 File: C:/AAD/Checker/simpleLogic.vhd Line: 17
    Info (12023): Found entity 3: gateNor2 File: C:/AAD/Checker/simpleLogic.vhd Line: 30
    Info (12023): Found entity 4: gateXor2 File: C:/AAD/Checker/simpleLogic.vhd Line: 43
Info (12021): Found 2 design units, including 1 entities, in source file flipflopdpet.vhd
    Info (12022): Found design unit 1: flipFlopDPET-behavior File: C:/AAD/Checker/flipFlopDPET.vhd Line: 10
    Info (12023): Found entity 1: flipFlopDPET File: C:/AAD/Checker/flipFlopDPET.vhd Line: 4
Info (12021): Found 2 design units, including 1 entities, in source file checker.vhd
    Info (12022): Found design unit 1: checker-structure File: C:/AAD/Checker/checker.vhd Line: 22
    Info (12023): Found entity 1: checker File: C:/AAD/Checker/checker.vhd Line: 15
Info (12021): Found 2 design units, including 1 entities, in source file bincounter_6bit.vhd
    Info (12022): Found design unit 1: binCounter_6bit-structure File: C:/AAD/Checker/binCounter_6bit.vhd Line: 16
    Info (12023): Found entity 1: binCounter_6bit File: C:/AAD/Checker/binCounter_6bit.vhd Line: 10
Info (12021): Found 2 design units, including 1 entities, in source file crc8_lfsr.vhd
    Info (12022): Found design unit 1: CRC8_LFSR-Structural File: C:/AAD/Checker/CRC8_LFSR.vhd Line: 19
    Info (12023): Found entity 1: CRC8_LFSR File: C:/AAD/Checker/CRC8_LFSR.vhd Line: 10
Info (12127): Elaborating entity "checker" for the top level hierarchy
Warning (10036): Verilog HDL or VHDL warning at checker.vhd(23): object "clkO" assigned a value but never read File: C:/AAD/Checker/checker.vhd Line: 23
Warning (10541): VHDL Signal Declaration warning at checker.vhd(25): used implicit default value for signal "tCntO" because signal was never assigned a value or an explicit default value. Use of implicit default value may introduce unintended design optimizations. File: C:/AAD/Checker/checker.vhd Line: 25
Info (12128): Elaborating entity "flipFlopDPET" for hierarchy "flipFlopDPET:ff" File: C:/AAD/Checker/checker.vhd Line: 54
Info (12128): Elaborating entity "Control_Unit" for hierarchy "Control_Unit:con" File: C:/AAD/Checker/checker.vhd Line: 55
Info (12128): Elaborating entity "contMem" for hierarchy "Control_Unit:con|contMem:cMem" File: C:/AAD/Checker/contMem.vhd Line: 86
Info (12128): Elaborating entity "gateNand2" for hierarchy "Control_Unit:con|gateNand2:nad1" File: C:/AAD/Checker/contMem.vhd Line: 87
Info (12128): Elaborating entity "gateNor2" for hierarchy "Control_Unit:con|gateNor2:nord" File: C:/AAD/Checker/contMem.vhd Line: 91
Info (12128): Elaborating entity "gateOr8" for hierarchy "gateOr8:OR80" File: C:/AAD/Checker/checker.vhd Line: 56
Info (12128): Elaborating entity "binCounter_6bit" for hierarchy "binCounter_6bit:bc" File: C:/AAD/Checker/checker.vhd Line: 57
Info (12128): Elaborating entity "gateAnd2" for hierarchy "binCounter_6bit:bc|gateAnd2:ad1" File: C:/AAD/Checker/binCounter_6bit.vhd Line: 35
Info (12128): Elaborating entity "gateXor2" for hierarchy "binCounter_6bit:bc|gateXor2:xr1" File: C:/AAD/Checker/binCounter_6bit.vhd Line: 39
Info (276014): Found 1 instances of uninferred RAM logic
    Info (276004): RAM logic "Control_Unit:con|contMem:cMem|prog" is uninferred due to inappropriate RAM size File: C:/AAD/Checker/contMem.vhd Line: 15
Warning (13024): Output pins are stuck at VCC or GND
    Warning (13410): Pin "error" is stuck at VCC File: C:/AAD/Checker/checker.vhd Line: 19
Info (17049): 5 registers lost all their fanouts during netlist optimizations.
Info (16010): Generating hard_block partition "hard_block:auto_generated_inst"
    Info (16011): Adding 0 node(s), including 0 DDIO, 0 PLL, 0 transceiver and 0 LCELL
Warning (21074): Design contains 3 input pin(s) that do not drive logic
    Warning (15610): No output dependent on input pin "dIn" File: C:/AAD/Checker/checker.vhd Line: 18
    Warning (15610): No output dependent on input pin "clk" File: C:/AAD/Checker/checker.vhd Line: 17
    Warning (15610): No output dependent on input pin "nGRst" File: C:/AAD/Checker/checker.vhd Line: 16
Info (21057): Implemented 4 device resources after synthesis - the final resource count might be different
    Info (21058): Implemented 3 input pins
    Info (21059): Implemented 1 output pins
Info: Quartus Prime Analysis & Synthesis was successful. 0 errors, 9 warnings
    Info: Peak virtual memory: 4850 megabytes
    Info: Processing ended: Thu Nov 16 21:47:47 2023
    Info: Elapsed time: 00:00:12
    Info: Total CPU time (on all processors): 00:00:27


